<?xml version="1.0" encoding="UTF-8"?>
<testsuite xmlns:xsi="http://www.w3.org/2001/XMLSchema-instance" xsi:noNamespaceSchemaLocation="https://maven.apache.org/surefire/maven-surefire-plugin/xsd/surefire-test-report-3.0.xsd" version="3.0" name="testpackage.TVOLearnTests" time="0.765" tests="30" errors="0" skipped="29" failures="1">
  <properties>
[...]
</properties>
  <testcase name="initSetup" classname="testpackage.TVOLearnTests" time="0.435">
    <failure message="&#10;Parameter &apos;browserName&apos; is required by BeforeMethod on method initSetup but has not been marked @Optional or defined&#10;" type="org.testng.TestNGException"><![CDATA[org.testng.TestNGException: 

Parameter 'browserName' is required by BeforeMethod on method initSetup but has not been marked @Optional or defined

	at org.testng.internal.Parameters.createParams(Parameters.java:270)
	at org.testng.internal.Parameters.createParametersForMethod(Parameters.java:358)
	at org.testng.internal.Parameters.createParameters(Parameters.java:700)
	at org.testng.internal.Parameters.createConfigurationParameters(Parameters.java:168)
	at org.testng.internal.ConfigInvoker.invokeConfigurations(ConfigInvoker.java:302)
	at org.testng.internal.TestInvoker.runConfigMethods(TestInvoker.java:700)
	at org.testng.internal.TestInvoker.invokeMethod(TestInvoker.java:527)
	at org.testng.internal.TestInvoker.invokeTestMethod(TestInvoker.java:173)
	at org.testng.internal.MethodRunner.runInSequence(MethodRunner.java:46)
	at org.testng.internal.TestInvoker$MethodInvocationAgent.invoke(TestInvoker.java:824)
	at org.testng.internal.TestInvoker.invokeTestMethods(TestInvoker.java:146)
	at org.testng.internal.TestMethodWorker.invokeTestMethods(TestMethodWorker.java:146)
	at org.testng.internal.TestMethodWorker.run(TestMethodWorker.java:128)
	at java.base/java.util.ArrayList.forEach(ArrayList.java:1511)
	at org.testng.TestRunner.privateRun(TestRunner.java:794)
	at org.testng.TestRunner.run(TestRunner.java:596)
	at org.testng.SuiteRunner.runTest(SuiteRunner.java:377)
	at org.testng.SuiteRunner.runSequentially(SuiteRunner.java:371)
	at org.testng.SuiteRunner.privateRun(SuiteRunner.java:332)
	at org.testng.SuiteRunner.run(SuiteRunner.java:276)
	at org.testng.SuiteRunnerWorker.runSuite(SuiteRunnerWorker.java:53)
	at org.testng.SuiteRunnerWorker.run(SuiteRunnerWorker.java:96)
	at org.testng.TestNG.runSuitesSequentially(TestNG.java:1212)
	at org.testng.TestNG.runSuitesLocally(TestNG.java:1134)
	at org.testng.TestNG.runSuites(TestNG.java:1063)
	at org.testng.TestNG.run(TestNG.java:1031)
	at org.apache.maven.surefire.testng.TestNGExecutor.run(TestNGExecutor.java:155)
	at org.apache.maven.surefire.testng.TestNGDirectoryTestSuite.executeSingleClass(TestNGDirectoryTestSuite.java:102)
	at org.apache.maven.surefire.testng.TestNGDirectoryTestSuite.execute(TestNGDirectoryTestSuite.java:91)
	at org.apache.maven.surefire.testng.TestNGProvider.invoke(TestNGProvider.java:137)
	at org.apache.maven.surefire.booter.ForkedBooter.runSuitesInProcess(ForkedBooter.java:385)
	at org.apache.maven.surefire.booter.ForkedBooter.execute(ForkedBooter.java:162)
	at org.apache.maven.surefire.booter.ForkedBooter.run(ForkedBooter.java:507)
	at org.apache.maven.surefire.booter.ForkedBooter.main(ForkedBooter.java:495)
]]></failure>
  </testcase>
  <testcase name="initSetup" classname="testpackage.TVOLearnTests" time="0.0">
    <skipped/>
  </testcase>
  <testcase name="initSetup" classname="testpackage.TVOLearnTests" time="0.0">
    <skipped/>
  </testcase>
  <testcase name="initSetup" classname="testpackage.TVOLearnTests" time="0.0">
    <skipped/>
  </testcase>
  <testcase name="initSetup" classname="testpackage.TVOLearnTests" time="0.0">
    <skipped/>
  </testcase>
  <testcase name="initSetup" classname="testpackage.TVOLearnTests" time="0.0">
    <skipped/>
  </testcase>
  <testcase name="initSetup" classname="testpackage.TVOLearnTests" time="0.0">
    <skipped/>
  </testcase>
  <testcase name="initSetup" classname="testpackage.TVOLearnTests" time="0.0">
    <skipped/>
  </testcase>
  <testcase name="initSetup" classname="testpackage.TVOLearnTests" time="0.0">
    <skipped/>
  </testcase>
  <testcase name="initSetup" classname="testpackage.TVOLearnTests" time="0.0">
    <skipped/>
  </testcase>
  <testcase name="verifyNavigationToSubjectPageTest" classname="testpackage.TVOLearnTests" time="0.0">
    <skipped message="&#10;Parameter &apos;browserName&apos; is required by BeforeMethod on method initSetup but has not been marked @Optional or defined&#10;"/>
  </testcase>
  <testcase name="tearDown" classname="testpackage.TVOLearnTests" time="0.0">
    <skipped/>
  </testcase>
  <testcase name="tearDown" classname="testpackage.TVOLearnTests" time="0.0">
    <skipped/>
  </testcase>
  <testcase name="tearDown" classname="testpackage.TVOLearnTests" time="0.0">
    <skipped/>
  </testcase>
  <testcase name="tearDown" classname="testpackage.TVOLearnTests" time="0.0">
    <skipped/>
  </testcase>
  <testcase name="tearDown" classname="testpackage.TVOLearnTests" time="0.0">
    <skipped/>
  </testcase>
  <testcase name="tearDown" classname="testpackage.TVOLearnTests" time="0.0">
    <skipped/>
  </testcase>
  <testcase name="tearDown" classname="testpackage.TVOLearnTests" time="0.0">
    <skipped/>
  </testcase>
  <testcase name="tearDown" classname="testpackage.TVOLearnTests" time="0.0">
    <skipped/>
  </testcase>
  <testcase name="tearDown" classname="testpackage.TVOLearnTests" time="0.0">
    <skipped/>
  </testcase>
  <testcase name="tearDown" classname="testpackage.TVOLearnTests" time="0.0">
    <skipped/>
  </testcase>
  <testcase name="verifyHeadingsOnSubjectPageTest" classname="testpackage.TVOLearnTests" time="0.0">
    <skipped message="&#10;Parameter &apos;browserName&apos; is required by BeforeMethod on method initSetup but has not been marked @Optional or defined&#10;"/>
  </testcase>
  <testcase name="verifyBreadcrumbMenuItems" classname="testpackage.TVOLearnTests" time="0.0">
    <skipped message="&#10;Parameter &apos;browserName&apos; is required by BeforeMethod on method initSetup but has not been marked @Optional or defined&#10;"/>
  </testcase>
  <testcase name="verifyCollaborationAndForTeachersHeadersNavigation" classname="testpackage.TVOLearnTests" time="0.0">
    <skipped message="&#10;Parameter &apos;browserName&apos; is required by BeforeMethod on method initSetup but has not been marked @Optional or defined&#10;"/>
  </testcase>
  <testcase name="verifyLearningResourcesNavigation" classname="testpackage.TVOLearnTests" time="0.0">
    <skipped message="&#10;Parameter &apos;browserName&apos; is required by BeforeMethod on method initSetup but has not been marked @Optional or defined&#10;"/>
  </testcase>
  <testcase name="verifyLearningActivitiesSectionTest" classname="testpackage.TVOLearnTests" time="0.0">
    <skipped message="&#10;Parameter &apos;browserName&apos; is required by BeforeMethod on method initSetup but has not been marked @Optional or defined&#10;"/>
  </testcase>
  <testcase name="verifyResourceLinksAndImages" classname="testpackage.TVOLearnTests" time="0.0">
    <skipped message="&#10;Parameter &apos;browserName&apos; is required by BeforeMethod on method initSetup but has not been marked @Optional or defined&#10;"/>
  </testcase>
  <testcase name="verifyTotalLessonsForGrade9To12" classname="testpackage.TVOLearnTests" time="0.0">
    <skipped message="&#10;Parameter &apos;browserName&apos; is required by BeforeMethod on method initSetup but has not been marked @Optional or defined&#10;"/>
  </testcase>
  <testcase name="verifySubscribeSection" classname="testpackage.TVOLearnTests" time="0.0">
    <skipped message="&#10;Parameter &apos;browserName&apos; is required by BeforeMethod on method initSetup but has not been marked @Optional or defined&#10;"/>
  </testcase>
  <testcase name="verifyFooterItemsNavigation" classname="testpackage.TVOLearnTests" time="0.0">
    <skipped message="&#10;Parameter &apos;browserName&apos; is required by BeforeMethod on method initSetup but has not been marked @Optional or defined&#10;"/>
  </testcase>
</testsuite>